<?xml version="1.0" encoding="UTF-8"?>
<!-- Generated by org.testng.reporters.JUnitReportReporter -->
<testsuite hostname="ASLi334" failures="0" tests="7" name="cucumberOptions.TestNGRunner" time="0.521" errors="0" timestamp="2023-09-29T12:35:54 IST" skipped="0">
  <testcase classname="cucumberOptions.TestNGRunner" name="runScenario" time="0.047"/>
  <testcase classname="cucumberOptions.TestNGRunner" name="runScenario" time="0.213"/>
  <testcase classname="cucumberOptions.TestNGRunner" name="runScenario" time="0.051"/>
  <testcase classname="cucumberOptions.TestNGRunner" name="runScenario" time="0.053"/>
  <testcase classname="cucumberOptions.TestNGRunner" name="runScenario" time="0.044"/>
  <testcase classname="cucumberOptions.TestNGRunner" name="runScenario" time="0.067"/>
  <testcase classname="cucumberOptions.TestNGRunner" name="runScenario" time="0.046"/>
</testsuite> <!-- cucumberOptions.TestNGRunner -->
